# JRE version: OpenJDK Runtime Environment (11.0.10) (build 11.0.10+0-b96-7249189)
# Java VM: OpenJDK 64-Bit Server VM (11.0.10+0-b96-7249189, mixed mode, tiered, compressed oops, g1 gc, windows-amd64)
Heap:
 garbage-first heap   total 848896K, used 128688K [0x0000000080000000, 0x0000000100000000)
  region size 1024K, 3 young (3072K), 3 survivors (3072K)
 Metaspace       used 123304K, capacity 126766K, committed 126848K, reserved 1159168K
  class space    used 15182K, capacity 16470K, committed 16512K, reserved 1048576K
GC Heap History (20 events):
Event: 7961.943 GC heap after
{Heap after GC invocations=164 (full 0):
 garbage-first heap   total 299008K, used 104361K [0x0000000080000000, 0x0000000100000000)
  region size 1024K, 2 young (2048K), 2 survivors (2048K)
 Metaspace       used 122659K, capacity 126035K, committed 126208K, reserved 1159168K
  class space    used 15101K, capacity 16349K, committed 16384K, reserved 1048576K
}
Event: 7962.373 GC heap before
{Heap before GC invocations=164 (full 0):
 garbage-first heap   total 299008K, used 116649K [0x0000000080000000, 0x0000000100000000)
  region size 1024K, 15 young (15360K), 2 survivors (2048K)
 Metaspace       used 122793K, capacity 126163K, committed 126592K, reserved 1159168K
  class space    used 15120K, capacity 16392K, committed 16512K, reserved 1048576K
}
Event: 7962.383 GC heap after
{Heap after GC invocations=165 (full 0):
 garbage-first heap   total 299008K, used 105927K [0x0000000080000000, 0x0000000100000000)
  region size 1024K, 2 young (2048K), 2 survivors (2048K)
 Metaspace       used 122793K, capacity 126163K, committed 126592K, reserved 1159168K
  class space    used 15120K, capacity 16392K, committed 16512K, reserved 1048576K
}
Event: 7962.476 GC heap before
{Heap before GC invocations=165 (full 0):
 garbage-first heap   total 299008K, used 120263K [0x0000000080000000, 0x0000000100000000)
  region size 1024K, 17 young (17408K), 2 survivors (2048K)
 Metaspace       used 122834K, capacity 126302K, committed 126592K, reserved 1159168K
  class space    used 15122K, capacity 16394K, committed 16512K, reserved 1048576K
}
Event: 7962.537 GC heap after
{Heap after GC invocations=166 (full 0):
 garbage-first heap   total 299008K, used 109793K [0x0000000080000000, 0x0000000100000000)
  region size 1024K, 3 young (3072K), 3 survivors (3072K)
 Metaspace       used 122834K, capacity 126302K, committed 126592K, reserved 1159168K
  class space    used 15122K, capacity 16394K, committed 16512K, reserved 1048576K
}
Event: 7962.692 GC heap before
{Heap before GC invocations=166 (full 0):
 garbage-first heap   total 299008K, used 121057K [0x0000000080000000, 0x0000000100000000)
  region size 1024K, 14 young (14336K), 3 survivors (3072K)
 Metaspace       used 122861K, capacity 126307K, committed 126592K, reserved 1159168K
  class space    used 15123K, capacity 16395K, committed 16512K, reserved 1048576K
}
Event: 7962.720 GC heap after
{Heap after GC invocations=167 (full 0):
 garbage-first heap   total 299008K, used 113425K [0x0000000080000000, 0x0000000100000000)
  region size 1024K, 2 young (2048K), 2 survivors (2048K)
 Metaspace       used 122861K, capacity 126307K, committed 126592K, reserved 1159168K
  class space    used 15123K, capacity 16395K, committed 16512K, reserved 1048576K
}
Event: 7962.981 GC heap before
{Heap before GC invocations=167 (full 0):
 garbage-first heap   total 299008K, used 123665K [0x0000000080000000, 0x0000000100000000)
  region size 1024K, 14 young (14336K), 2 survivors (2048K)
 Metaspace       used 122894K, capacity 126362K, committed 126592K, reserved 1159168K
  class space    used 15125K, capacity 16391K, committed 16512K, reserved 1048576K
}
Event: 7963.007 GC heap after
{Heap after GC invocations=168 (full 0):
 garbage-first heap   total 299008K, used 116388K [0x0000000080000000, 0x0000000100000000)
  region size 1024K, 2 young (2048K), 2 survivors (2048K)
 Metaspace       used 122894K, capacity 126362K, committed 126592K, reserved 1159168K
  class space    used 15125K, capacity 16391K, committed 16512K, reserved 1048576K
}
Event: 7963.400 GC heap before
{Heap before GC invocations=169 (full 0):
 garbage-first heap   total 299008K, used 128676K [0x0000000080000000, 0x0000000100000000)
  region size 1024K, 15 young (15360K), 2 survivors (2048K)
 Metaspace       used 123001K, capacity 126432K, committed 126848K, reserved 1159168K
  class space    used 15140K, capacity 16392K, committed 16512K, reserved 1048576K
}
Event: 7963.448 GC heap after
{Heap after GC invocations=170 (full 0):
 garbage-first heap   total 299008K, used 120208K [0x0000000080000000, 0x0000000100000000)
  region size 1024K, 2 young (2048K), 2 survivors (2048K)
 Metaspace       used 123001K, capacity 126432K, committed 126848K, reserved 1159168K
  class space    used 15140K, capacity 16392K, committed 16512K, reserved 1048576K
}
Event: 7963.587 GC heap before
{Heap before GC invocations=170 (full 0):
 garbage-first heap   total 299008K, used 131472K [0x0000000080000000, 0x0000000100000000)
  region size 1024K, 14 young (14336K), 2 survivors (2048K)
 Metaspace       used 123010K, capacity 126432K, committed 126848K, reserved 1159168K
  class space    used 15140K, capacity 16392K, committed 16512K, reserved 1048576K
}
Event: 7963.727 GC heap after
{Heap after GC invocations=171 (full 0):
 garbage-first heap   total 361472K, used 116250K [0x0000000080000000, 0x0000000100000000)
  region size 1024K, 2 young (2048K), 2 survivors (2048K)
 Metaspace       used 123010K, capacity 126432K, committed 126848K, reserved 1159168K
  class space    used 15140K, capacity 16392K, committed 16512K, reserved 1048576K
}
Event: 7963.893 GC heap before
{Heap before GC invocations=171 (full 0):
 garbage-first heap   total 361472K, used 131610K [0x0000000080000000, 0x0000000100000000)
  region size 1024K, 18 young (18432K), 2 survivors (2048K)
 Metaspace       used 123138K, capacity 126593K, committed 126848K, reserved 1159168K
  class space    used 15164K, capacity 16455K, committed 16512K, reserved 1048576K
}
Event: 7963.997 GC heap after
{Heap after GC invocations=172 (full 0):
 garbage-first heap   total 361472K, used 119991K [0x0000000080000000, 0x0000000100000000)
  region size 1024K, 3 young (3072K), 3 survivors (3072K)
 Metaspace       used 123138K, capacity 126593K, committed 126848K, reserved 1159168K
  class space    used 15164K, capacity 16455K, committed 16512K, reserved 1048576K
}
Event: 7964.162 GC heap before
{Heap before GC invocations=172 (full 0):
 garbage-first heap   total 361472K, used 134327K [0x0000000080000000, 0x0000000100000000)
  region size 1024K, 17 young (17408K), 3 survivors (3072K)
 Metaspace       used 123174K, capacity 126670K, committed 126848K, reserved 1159168K
  class space    used 15168K, capacity 16460K, committed 16512K, reserved 1048576K
}
Event: 7964.201 GC heap after
{Heap after GC invocations=173 (full 0):
 garbage-first heap   total 361472K, used 123015K [0x0000000080000000, 0x0000000100000000)
  region size 1024K, 3 young (3072K), 3 survivors (3072K)
 Metaspace       used 123174K, capacity 126670K, committed 126848K, reserved 1159168K
  class space    used 15168K, capacity 16460K, committed 16512K, reserved 1048576K
}
Event: 7964.489 GC heap before
{Heap before GC invocations=173 (full 0):
 garbage-first heap   total 361472K, used 136327K [0x0000000080000000, 0x0000000100000000)
  region size 1024K, 19 young (19456K), 3 survivors (3072K)
 Metaspace       used 123214K, capacity 126659K, committed 126848K, reserved 1159168K
  class space    used 15170K, capacity 16456K, committed 16512K, reserved 1048576K
}
Event: 7964.517 GC heap after
{Heap after GC invocations=174 (full 0):
 garbage-first heap   total 361472K, used 124928K [0x0000000080000000, 0x0000000100000000)
  region size 1024K, 3 young (3072K), 3 survivors (3072K)
 Metaspace       used 123214K, capacity 126659K, committed 126848K, reserved 1159168K
  class space    used 15170K, capacity 16456K, committed 16512K, reserved 1048576K
}
Event: 7964.886 GC heap before
{Heap before GC invocations=175 (full 0):
 garbage-first heap   total 361472K, used 143360K [0x0000000080000000, 0x0000000100000000)
  region size 1024K, 21 young (21504K), 3 survivors (3072K)
 Metaspace       used 123304K, capacity 126766K, committed 126848K, reserved 1159168K
  class space    used 15182K, capacity 16470K, committed 16512K, reserved 1048576K
}

